Removed Pin From Net: NetName=GND Pin=IC5-3
Removed Pin From Net: NetName=SWCLK Pin=IC6-31
Removed Pin From Net: NetName=GVDD Pin=IC8-2
Removed Pin From Net: NetName=GND Pin=IC8-3
Removed Pin From Net: NetName=GND Pin=IC8-6
Removed Pin From Net: NetName=GVDD Pin=IC8-7
Removed Pin From Net: NetName=GND Pin=IC8-8
Removed Pin From Net: NetName=GVDD Pin=IC8-17
Change Component Comment : Designator=L2 Old Comment=10uH New Comment=4.7uH
Change Component Comment : Designator=L3 Old Comment=10uH New Comment=4.7uH
Change Component Comment : Designator=L4 Old Comment=10uH New Comment=4.7uH
Change Component Comment : Designator=L5 Old Comment=10uH New Comment=4.7uH
Change Component Comment : Designator=C44 Old Comment=100nF New Comment=220nF
Change Component Comment : Designator=C45 Old Comment=100nF New Comment=220nF
Change Component Comment : Designator=C46 Old Comment=100nF New Comment=220nF
Change Component Comment : Designator=C47 Old Comment=100nF New Comment=220nF
Change Component Comment : Designator=C37 Old Comment=UVY1V101MED1TD New Comment=680nF
Change Component Comment : Designator=C43 Old Comment=UVY1V101MED1TD New Comment=680nF
Added Component: Designator=C31(C 0402)
Added Component: Designator=R19(R 1206)
Added Component: Designator=R20(R 0402)
Added Component: Designator=R21(R 0402)
Added Component: Designator=R22(R 0402)
Added Pin To Net: NetName=GND Pin=C31-1
Added Pin To Net: NetName=NetCON5_1 Pin=IC6-5
Added Pin To Net: NetName=NetCON3_1 Pin=IC6-6
Added Pin To Net: NetName=SWCLK Pin=IC6-24
Added Pin To Net: NetName=24V Pin=IC8-17
Added Pin To Net: NetName=3.3V Pin=R19-1
Added Pin To Net: NetName=GND Pin=R21-1
Added Pin To Net: NetName=24V Pin=R22-2
Added Pin To Net: NetName=NetC31_2 Pin=C31-2
Added Pin To Net: NetName=NetC31_2 Pin=IC8-6
Added Pin To Net: NetName=NetC31_2 Pin=IC8-7
Added Pin To Net: NetName=NetC31_2 Pin=R20-2
Added Net: Name=NetC31_2
Added Pin To Net: NetName=NetIC5_3 Pin=IC5-3
Added Pin To Net: NetName=NetIC5_3 Pin=R19-2
Added Net: Name=NetIC5_3
Added Pin To Net: NetName=NetIC8_2 Pin=IC8-2
Added Pin To Net: NetName=NetIC8_2 Pin=R22-1
Added Net: Name=NetIC8_2
Added Pin To Net: NetName=NetIC8_8 Pin=IC8-8
Added Pin To Net: NetName=NetIC8_8 Pin=R20-1
Added Pin To Net: NetName=NetIC8_8 Pin=R21-2
Added Net: Name=NetIC8_8
Added Member To Class: ClassName=Amplifiers Member=Component C31 1uF
Added Member To Class: ClassName=Amplifiers Member=Component R19 10k
Added Member To Class: ClassName=Amplifiers Member=Component R20 100k
Added Member To Class: ClassName=Amplifiers Member=Component R21 39k
Added Member To Class: ClassName=Amplifiers Member=Component R22 100k
Added Room: Name=Amplifiers
Added Room: Name=Interface
Added Room: Name=MCU
Added Room: Name=PowerSupply
